0 info it worked if it ends with ok
1 verbose cli [ '/Users/wesleyoliver/.nvm/versions/node/v5.6.0/bin/node',
1 verbose cli   '/Users/wesleyoliver/.nvm/versions/node/v5.6.0/bin/npm',
1 verbose cli   'run',
1 verbose cli   'build' ]
2 info using npm@3.6.0
3 info using node@v5.6.0
4 verbose run-script [ 'prebuild', 'build', 'postbuild' ]
5 info lifecycle redblade-platform@1.0.0~prebuild: redblade-platform@1.0.0
6 silly lifecycle redblade-platform@1.0.0~prebuild: no script for prebuild, continuing
7 info lifecycle redblade-platform@1.0.0~build: redblade-platform@1.0.0
8 verbose lifecycle redblade-platform@1.0.0~build: unsafe-perm in lifecycle true
9 verbose lifecycle redblade-platform@1.0.0~build: PATH: /Users/wesleyoliver/.nvm/versions/node/v5.6.0/lib/node_modules/npm/bin/node-gyp-bin:/Users/wesleyoliver/REDBLADE/redblade-platform/node_modules/.bin:/usr/local/bin:/usr/bin:/bin:/usr/sbin:/sbin:/Users/wesleyoliver/.nvm/versions/node/v5.6.0/bin
10 verbose lifecycle redblade-platform@1.0.0~build: CWD: /Users/wesleyoliver/REDBLADE/redblade-platform
11 silly lifecycle redblade-platform@1.0.0~build: Args: [ '-c', 'npm run copy-js && tsc' ]
12 silly lifecycle redblade-platform@1.0.0~build: Returned: code: 1  signal: null
13 info lifecycle redblade-platform@1.0.0~build: Failed to exec build script
14 verbose stack Error: redblade-platform@1.0.0 build: `npm run copy-js && tsc`
14 verbose stack Exit status 1
14 verbose stack     at EventEmitter.<anonymous> (/Users/wesleyoliver/.nvm/versions/node/v5.6.0/lib/node_modules/npm/lib/utils/lifecycle.js:232:16)
14 verbose stack     at emitTwo (events.js:100:13)
14 verbose stack     at EventEmitter.emit (events.js:185:7)
14 verbose stack     at ChildProcess.<anonymous> (/Users/wesleyoliver/.nvm/versions/node/v5.6.0/lib/node_modules/npm/lib/utils/spawn.js:24:14)
14 verbose stack     at emitTwo (events.js:100:13)
14 verbose stack     at ChildProcess.emit (events.js:185:7)
14 verbose stack     at maybeClose (internal/child_process.js:827:16)
14 verbose stack     at Process.ChildProcess._handle.onexit (internal/child_process.js:211:5)
15 verbose pkgid redblade-platform@1.0.0
16 verbose cwd /Users/wesleyoliver/REDBLADE/redblade-platform
17 error Darwin 17.5.0
18 error argv "/Users/wesleyoliver/.nvm/versions/node/v5.6.0/bin/node" "/Users/wesleyoliver/.nvm/versions/node/v5.6.0/bin/npm" "run" "build"
19 error node v5.6.0
20 error npm  v3.6.0
21 error code ELIFECYCLE
22 error redblade-platform@1.0.0 build: `npm run copy-js && tsc`
22 error Exit status 1
23 error Failed at the redblade-platform@1.0.0 build script 'npm run copy-js && tsc'.
23 error Make sure you have the latest version of node.js and npm installed.
23 error If you do, this is most likely a problem with the redblade-platform package,
23 error not with npm itself.
23 error Tell the author that this fails on your system:
23 error     npm run copy-js && tsc
23 error You can get information on how to open an issue for this project with:
23 error     npm bugs redblade-platform
23 error Or if that isn't available, you can get their info via:
23 error     npm owner ls redblade-platform
23 error There is likely additional logging output above.
24 verbose exit [ 1, true ]
